

<!DOCTYPE html>
<html>
<head>
	<meta charset='UTF-8' /> 
	<meta name='description' content='' />
	<meta name='robots' content='noodp, noydir' />
	<meta name='viewport' content='width=device-width, initial-scale=1' />
	<meta id="timeStampFormat" name="timeStampFormat" content='MMM d, yyyy hh:mm:ss a'/>
	
	<link href='http://fonts.googleapis.com/css?family=Source+Sans+Pro:400,600' rel='stylesheet' type='text/css' />
	<link href="http://fonts.googleapis.com/icon?family=Material+Icons" rel="stylesheet" />
	<link href='http://cdn.rawgit.com/extent-framework/extent-github-cdn/bad039f/v3html/css/extent.css' type='text/css' rel='stylesheet' />
	
	<title>ToolsList - Cucumber Framework</title>

	<style type='text/css'>
		/* json-tree */
		.jstBracket,.jstComma,.jstValue{white-space:pre-wrap}.jstValue{font-size:10px;font-weight:400;font-family:"Lucida Console",Monaco,monospace}.jstProperty{color:#666;word-wrap:break-word}.jstBool{color:#2525CC}.jstNum{color:#D036D0}.jstNull{color:gray}.jstStr{color:#2DB669}.jstFold:after{content:' -';cursor:pointer}.jstExpand{white-space:normal}.jstExpand:after{content:' +';cursor:pointer}.jstFolded{white-space:normal!important}.jstHiddenBlock{display:none}
			
            

      
        
	</style>
	
	<script type="text/javascript">
		/*! json-tree - v0.2.2 - 2017-09-25, MIT LICENSE */
		var JSONTree=function(){var n={"&":"&amp;","<":"&lt;",">":"&gt;",'"':"&quot;","'":"&#x27;","/":"&#x2F;"},t=0,r=0;this.create=function(n,t){return r+=1,N(u(n,0,!1),{class:"jstValue"})};var e=function(t){return t.replace(/[&<>'"]/g,function(t){return n[t]})},s=function(){return r+"_"+t++},u=function(n,t,r){if(null===n)return f(r?t:0);switch(typeof n){case"boolean":return l(n,r?t:0);case"number":return i(n,r?t:0);case"string":return o(n,r?t:0);default:return n instanceof Array?a(n,t,r):c(n,t,r)}},c=function(n,t,r){var e=s(),u=Object.keys(n).map(function(r){return j(r,n[r],t+1,!0)}).join(m()),c=[g("{",r?t:0,e),N(u,{id:e}),p("}",t)].join("\n");return N(c,{})},a=function(n,t,r){var e=s(),c=n.map(function(n){return u(n,t+1,!0)}).join(m());return[g("[",r?t:0,e),N(c,{id:e}),p("]",t)].join("\n")},o=function(n,t){var r=e(JSON.stringify(n));return N(v(r,t),{class:"jstStr"})},i=function(n,t){return N(v(n,t),{class:"jstNum"})},l=function(n,t){return N(v(n,t),{class:"jstBool"})},f=function(n){return N(v("null",n),{class:"jstNull"})},j=function(n,t,r){var s=v(e(JSON.stringify(n))+": ",r),c=N(u(t,r,!1),{});return N(s+c,{class:"jstProperty"})},m=function(){return N(",\n",{class:"jstComma"})},N=function(n,t){return d("span",t,n)},d=function(n,t,r){return"<"+n+Object.keys(t).map(function(n){return" "+n+'="'+t[n]+'"'}).join("")+">"+r+"</"+n+">"},g=function(n,t,r){return N(v(n,t),{class:"jstBracket"})+N("",{class:"jstFold",onclick:"JSONTree.toggle('"+r+"')"})};this.toggle=function(n){var t=document.getElementById(n),r=t.parentNode,e=t.previousElementSibling;""===t.className?(t.className="jstHiddenBlock",r.className="jstFolded",e.className="jstExpand"):(t.className="",r.className="",e.className="jstFold")};var p=function(n,t){return N(v(n,t),{})},v=function(n,t){return Array(2*t+1).join(" ")+n};return this}();
	</script>
</head>
	<body class='extent standard default hide-overflow bdd-report'>
		<div id='theme-selector' alt='Click to toggle theme. To enable by default, use theme configuration.' title='Click to toggle theme. To enable by default, use theme configuration.'>
			<span><i class='material-icons'>desktop_windows</i></span>
		</div>
<nav>
	<div class="nav-wrapper">
		<a href="#!" class="brand-logo black"><img src="https://cdn.rawgit.com/extent-framework/extent-github-cdn/d74480e/commons/img/logo.png"></a>
		<!-- slideout menu -->
		<ul id='slide-out' class='side-nav fixed hide-on-med-and-down'>
			<li class='waves-effect active'><a href='#!' view='test-view' onclick="configureView(0);chartsView('test');"><i class='material-icons'>dashboard</i></a></li>
						<li class='waves-effect'><a href='#!' view='category-view' onclick="configureView(1)"><i class='material-icons'>label_outline</i></a></li>
			<li class='waves-effect'><a href='#!' view='exception-view' onclick="configureView(2)"><i class='material-icons'>bug_report</i></a></li>
			<li class='waves-effect'><a href='#!' onclick="configureView(-1);chartsView('dashboard');" view='dashboard-view'><i class='material-icons'>track_changes</i></a></li>
		</ul>
		<!-- report name -->
		<span class='report-name'>ToolsList - Cucumber Report</span>
		<!-- report headline -->
		<span class='report-headline'></span>
		<!-- nav-right -->
		<ul id='nav-mobile' class='right hide-on-med-and-down nav-right'>
			<a href='#!'>
			<span class='label blue darken-3 suite-start-time'>Jul 23, 2020 11:43:01 PM</span>
			</a>
		</ul>
	</div>
</nav>		<!-- container -->
		<div class='container'>
<div id='test-view' class='view'>
	<section id='controls'>
		<div class='controls grey lighten-4'>
			<!-- test toggle -->
			<div class='chip transparent'>
				<a class='dropdown-button tests-toggle' data-activates='tests-toggle' data-constrainwidth='true' data-beloworigin='true' data-hover='true' href='#'>
				<i class='material-icons'>warning</i> Status
				</a>
				<ul id='tests-toggle' class='dropdown-content'>
										<li status='pass'><a href='#!'>Pass <i class='material-icons green-text'>check_circle</i></a></li>
					<li status='fail'><a href='#!'>Fail <i class='material-icons red-text'>cancel</i></a></li>
					<li status='skip'><a href='#!'>Skip <i class='material-icons cyan-text'>redo</i></a></li>
					<li class='divider'></li>
					<li status='clear' clear='true'><a href='#!'>Clear Filters <i class='material-icons'>clear</i></a></li>
				</ul>
			</div>
			<!-- test toggle -->
			<!-- category toggle -->
			<div class='chip transparent'>
				<a class='dropdown-button category-toggle' data-activates='category-toggle' data-constrainwidth='false' data-beloworigin='true' data-hover='true' href='#'>
				<i class='material-icons'>local_offer</i> Category
				</a>
				<ul id='category-toggle' class='dropdown-content'>
					<li><a href='#'>@tag1</a></li>
					<li class='divider'></li>
					<li class='clear'><a href='#!' clear='true'>Clear Filters</a></li>
				</ul>
			</div>
			<!-- category toggle -->
			<!-- clear filters -->
			<div class='chip transparent hide'>
				<a class='' id='clear-filters' alt='Clear Filters' title='Clear Filters'>
				<i class='material-icons'>close</i> Clear
				</a>
			</div>
			<!-- clear filters -->
			<!-- enable dashboard -->
			<div id='toggle-test-view-charts' class='chip transparent'>
				<a class='pink-text' id='enable-dashboard' alt='Enable Dashboard' title='Enable Dashboard'>
				<i class='material-icons'>track_changes</i> Dashboard
				</a>
			</div>
			<!-- enable dashboard -->
			<!-- search -->
			<div class='chip transparent' alt='Search Tests' title='Search Tests'>
				<a href="#" class='search-div'>
				<i class='material-icons'>search</i> Search
				</a>
				<div class='input-field left hide'>
					<input id='search-tests' type='text' class='validate browser-default' placeholder='Search Tests...'>
				</div>
			</div>
			<!-- search -->
		</div>
	</section>
<div id='test-view-charts' class='subview-full'>
    <div id='charts-row' class='row nm-v nm-h'>
        <div class='col s12 m4 l4 np-h'>
            <div class='card-panel nm-v'>
                <div class='left panel-name'>Features</div>
                <div class='chart-box' style="max-height:94px;">
                    <canvas id='parent-analysis' width='90' height='70'></canvas>
                </div>
                <div class='block text-small'>
                    <span class='tooltipped' data-position='top' data-tooltip='0%'><span class='strong'>0</span> feature(s) passed</span>
                </div>
                <div class='block text-small'>
                    <span class='strong tooltipped' data-position='top' data-tooltip='100%'>1</span> feature(s) failed, <span class='strong tooltipped' data-position='top' data-tooltip='0%'>0</span> others
                </div>
            </div>
        </div>
        <div class='col s12 m4 l4 np-h'>
            <div class='card-panel nm-v'>
                <div class='left panel-name'>Scenarios</div>
                <div class='chart-box' style="max-height:94px;">
                    <canvas id='child-analysis' width='90' height='70'></canvas>
                </div>
                <div class='block text-small'>
                    <span class='tooltipped' data-position='top' data-tooltip='0%'><span class='strong'>0</span> scenario(s) passed</span>
                </div>
                <div class='block text-small'>
                    <span class='strong tooltipped' data-position='top' data-tooltip='100%'>3</span> scenario(s) failed, <span class='strong tooltipped' data-position='top' data-tooltip='0%'>0</span> others
                </div>
            </div>
        </div>
        <div class='col s12 m4 l4 np-h'>
            <div class='card-panel nm-v'>
                <div class='left panel-name'>Steps</div>
                <div class='chart-box' style="max-height:94px;">
                    <canvas id='grandchild-analysis' width='90' height='70'></canvas>
                </div>
                <div class='block text-small'>
                    <span class='tooltipped' data-position='top' data-tooltip='20.833%'><span class='strong'>5</span> step(s) passed</span>
                </div>
                <div class='block text-small'>
                    <span class='strong tooltipped' data-position='top' data-tooltip='12.5%'>3</span> step(s) failed, <span class='strong tooltipped' data-position='top' data-tooltip='66.667%'>16</span> others
                </div>
            </div>
        </div>
    </div>
    <div id="timeline-chart" class="row nm-v nm-h">
        <div class="col s12 m12 l12 np-h">
            <div class="card-panel">
                <div class='left panel-name'>Timeline (seconds)</div>
                <div class="chart-box" style="width:98%;max-height:145px;">
                    <canvas id="timeline" height="120"></canvas>
                </div>
            </div>
        </div>
    </div>
</div>	<div class='subview-left left'>
		<div class='view-summary'>
			<ul id='test-collection' class='test-collection'>
				<li class='test displayed active has-leaf fail' status='fail' bdd='true' test-id='1'>
					<div class='test-heading'>
						<span class='test-name'>KayaK Cucumber TestNG Testcases</span>
						<span class='test-time'>Jul 23, 2020 11:43:01 PM</span>
						<span class='test-status right fail'>fail</span>
					</div>
					<div class='test-content hide'>
<div class="sr-filters bdd-filters">
    <a class="btn-floating waves-effect waves-light pass green" title="pass"><i class='material-icons'>check_circle</i></a>
    <a class="btn-floating waves-effect waves-light fail red" title="fail"><i class='material-icons'>cancel</i></a>
    <a class="btn-floating waves-effect waves-light skip blue" title="skip"><i class='material-icons'>redo</i></a>
    <a class="btn-floating waves-effect waves-light clear grey" title="clear"><i class='material-icons'>clear</i></a>
</div>
<div class='scenariooutline node' test-id='2' status='fail'>
    <span class='duration right label'>0h 0m 53s+284ms</span>
    <div class="bdd-test">
        <div class="scenario-name"><span class='status fail' title='fail'><i class='material-icons'>cancel</i></span> ScenarioOutline: TC01 Navigate to Kayak.com</div>
    </div>
    <ul class='steps'>
        <li test-id='3' class='node scenario fail' status='fail'>
            <div class="step-name"><span class='status fail' title='fail'><i class='material-icons'>cancel</i></span>TC01 Navigate to Kayak.com</div>
            <ul class='gc steps'>
                    <li test-id='4' class='gc given pass' status='pass'>
                        <h6 class="step-name"><span class='status pass' title='pass'><i class='material-icons'>check_circle</i></span>Given Launch Appication chrome</h6>
                            <div class="node-step">passed</div>
                    </li>
                    <li test-id='5' class='gc when pass' status='pass'>
                        <h6 class="step-name"><span class='status pass' title='pass'><i class='material-icons'>check_circle</i></span>When Click on flight tab</h6>
                            <div class="node-step">passed</div>
                    </li>
                    <li test-id='6' class='gc when fail' status='fail'>
                        <h6 class="step-name"><span class='status fail' title='fail'><i class='material-icons'>cancel</i></span>When Enter OriginCity "Baltimore (BWI)", DestinationCity "Dallas (DFW)"</h6>
                            <textarea disabled class="code-block">org.openqa.selenium.ElementClickInterceptedException: element click intercepted: Element <div id="MyiH-destination-airport-display" tabindex="0" class="_ibU _ioS _ibV _iDB _idE _im8 _j0G _iai _j-p _j-q _j88 _j2g _ikc _j9j _iCV _iqF _iHV _j-v _j8a _ijv _j9d _j-r _j-s _j-t _j-u _j-J _j-K _icc _j-L _is4 _j-F _j-G _j-H _j-I _iwM _j-B _j-C _iqH _j-D _iQI _j-E _iqj _iOC _iFZ _iA6 _j-A _iFW _ioZ selectTextOnFocus _iVh" data-placeholder="To?" aria-label="Flight destination input">...</div> is not clickable at point (656, 242). Other element would receive the click: <input id="MyiH-destination-airport" type="text" class="_kcs _kct _kcu _kco _kcp _kcq _kcr _kck _kcl _kcm _kcn _kch _kci _kcj size-m _iae _iHf _iax _iB9 _j5F _j5G _j5H _j5I _iaq _j5E _kbj _i-7 _ihr _ihs _ial _kbk _ihp _i-5 _ihq _iaj _i-6 _iad _irF _i5S _iaa _igh _im8 _iv1" name="destination" placeholder="To?" aria-label="Flight destination input" aria-hidden="false" smarty="true" autocomplete="off" autocapitalize="off" autocorrect="off" role="combobox" aria-autocomplete="list" aria-expanded="true">
  (Session info: chrome=84.0.4147.89)
Build info: version: '3.141.5', revision: 'd54ebd709a', time: '2018-11-06T11:42:16'
System info: host: 'Nehas-MacBook-Pro.local', ip: 'fe80:0:0:0:1455:5eb1:a4e1:2e38%en0', os.name: 'Mac OS X', os.arch: 'x86_64', os.version: '10.14.6', java.version: '1.8.0_191'
Driver info: org.openqa.selenium.chrome.ChromeDriver
Capabilities {acceptInsecureCerts: false, browserName: chrome, browserVersion: 84.0.4147.89, chrome: {chromedriverVersion: 84.0.4147.30 (48b3e868b4cc0..., userDataDir: /var/folders/hk/hrj41yb90fd...}, goog:chromeOptions: {debuggerAddress: localhost:49770}, javascriptEnabled: true, networkConnectionEnabled: false, pageLoadStrategy: normal, platform: MAC, platformName: MAC, proxy: Proxy(), setWindowRect: true, strictFileInteractability: false, timeouts: {implicit: 0, pageLoad: 300000, script: 30000}, unhandledPromptBehavior: dismiss and notify, webauthn:virtualAuthenticators: true}
Session ID: 7c7c58235280c135c1b78ec58b57fdf9
	at sun.reflect.NativeConstructorAccessorImpl.newInstance0(Native Method)
	at sun.reflect.NativeConstructorAccessorImpl.newInstance(NativeConstructorAccessorImpl.java:62)
	at sun.reflect.DelegatingConstructorAccessorImpl.newInstance(DelegatingConstructorAccessorImpl.java:45)
	at java.lang.reflect.Constructor.newInstance(Constructor.java:423)
	at org.openqa.selenium.remote.http.W3CHttpResponseCodec.createException(W3CHttpResponseCodec.java:187)
	at org.openqa.selenium.remote.http.W3CHttpResponseCodec.decode(W3CHttpResponseCodec.java:122)
	at org.openqa.selenium.remote.http.W3CHttpResponseCodec.decode(W3CHttpResponseCodec.java:49)
	at org.openqa.selenium.remote.HttpCommandExecutor.execute(HttpCommandExecutor.java:158)
	at org.openqa.selenium.remote.service.DriverCommandExecutor.execute(DriverCommandExecutor.java:83)
	at org.openqa.selenium.remote.RemoteWebDriver.execute(RemoteWebDriver.java:552)
	at org.openqa.selenium.remote.RemoteWebElement.execute(RemoteWebElement.java:285)
	at org.openqa.selenium.remote.RemoteWebElement.click(RemoteWebElement.java:84)
	at sun.reflect.NativeMethodAccessorImpl.invoke0(Native Method)
	at sun.reflect.NativeMethodAccessorImpl.invoke(NativeMethodAccessorImpl.java:62)
	at sun.reflect.DelegatingMethodAccessorImpl.invoke(DelegatingMethodAccessorImpl.java:43)
	at java.lang.reflect.Method.invoke(Method.java:498)
	at org.openqa.selenium.support.events.EventFiringWebDriver$EventFiringWebElement.lambda$new$0(EventFiringWebDriver.java:404)
	at com.sun.proxy.$Proxy23.click(Unknown Source)
	at org.openqa.selenium.support.events.EventFiringWebDriver$EventFiringWebElement.click(EventFiringWebDriver.java:417)
	at sun.reflect.NativeMethodAccessorImpl.invoke0(Native Method)
	at sun.reflect.NativeMethodAccessorImpl.invoke(NativeMethodAccessorImpl.java:62)
	at sun.reflect.DelegatingMethodAccessorImpl.invoke(DelegatingMethodAccessorImpl.java:43)
	at java.lang.reflect.Method.invoke(Method.java:498)
	at org.openqa.selenium.support.pagefactory.internal.LocatingElementHandler.invoke(LocatingElementHandler.java:51)
	at com.sun.proxy.$Proxy22.click(Unknown Source)
	at com.kayak.pages.HomePage.enterDestinationCity(HomePage.java:98)
	at com.kayak.stepDefination.KayakTC1.enter_OriginCity_DestinationCity(KayakTC1.java:88)
	at ✽.When Enter OriginCity "Baltimore (BWI)", DestinationCity "Dallas (DFW)"(KayakFeatureFile1.feature:25)
</textarea>
                                                </li>
                    <li test-id='7' class='gc then skip' status='skip'>
                        <h6 class="step-name"><span class='status skip' title='skip'><i class='material-icons'>redo</i></span>Then DepartureDate and ReturnDate</h6>
                            <div class="node-step">skipped</div>
                    </li>
                    <li test-id='8' class='gc then skip' status='skip'>
                        <h6 class="step-name"><span class='status skip' title='skip'><i class='material-icons'>redo</i></span>Then Click on Search button</h6>
                            <div class="node-step">skipped</div>
                    </li>
                    <li test-id='9' class='gc when skip' status='skip'>
                        <h6 class="step-name"><span class='status skip' title='skip'><i class='material-icons'>redo</i></span>When Select one option from search</h6>
                            <div class="node-step">skipped</div>
                    </li>
                    <li test-id='10' class='gc then skip' status='skip'>
                        <h6 class="step-name"><span class='status skip' title='skip'><i class='material-icons'>redo</i></span>Then Verify and Validate origin and destination cities</h6>
                            <div class="node-step">skipped</div>
                    </li>
                    <li test-id='11' class='gc and skip' status='skip'>
                        <h6 class="step-name"><span class='status skip' title='skip'><i class='material-icons'>redo</i></span>And Close Browser</h6>
                            <div class="node-step">skipped</div>
                    </li>
            </ul>
        </li>
        <li test-id='12' class='node scenario fail' status='fail'>
            <div class="step-name"><span class='status fail' title='fail'><i class='material-icons'>cancel</i></span>TC01 Navigate to Kayak.com</div>
            <ul class='gc steps'>
                    <li test-id='13' class='gc given pass' status='pass'>
                        <h6 class="step-name"><span class='status pass' title='pass'><i class='material-icons'>check_circle</i></span>Given Launch Appication chrome</h6>
                            <div class="node-step">passed</div>
                    </li>
                    <li test-id='14' class='gc when fail' status='fail'>
                        <h6 class="step-name"><span class='status fail' title='fail'><i class='material-icons'>cancel</i></span>When Click on flight tab</h6>
                            <textarea disabled class="code-block">org.openqa.selenium.NoSuchWindowException: no such window: target window already closed
from unknown error: web view not found
  (Session info: chrome=84.0.4147.89)
Build info: version: '3.141.5', revision: 'd54ebd709a', time: '2018-11-06T11:42:16'
System info: host: 'Nehas-MacBook-Pro.local', ip: 'fe80:0:0:0:1455:5eb1:a4e1:2e38%en0', os.name: 'Mac OS X', os.arch: 'x86_64', os.version: '10.14.6', java.version: '1.8.0_191'
Driver info: org.openqa.selenium.chrome.ChromeDriver
Capabilities {acceptInsecureCerts: false, browserName: chrome, browserVersion: 84.0.4147.89, chrome: {chromedriverVersion: 84.0.4147.30 (48b3e868b4cc0..., userDataDir: /var/folders/hk/hrj41yb90fd...}, goog:chromeOptions: {debuggerAddress: localhost:49845}, javascriptEnabled: true, networkConnectionEnabled: false, pageLoadStrategy: normal, platform: MAC, platformName: MAC, proxy: Proxy(), setWindowRect: true, strictFileInteractability: false, timeouts: {implicit: 0, pageLoad: 300000, script: 30000}, unhandledPromptBehavior: dismiss and notify, webauthn:virtualAuthenticators: true}
Session ID: 4b48fde6ccacf52c9abd706e95d025c9
	at sun.reflect.GeneratedConstructorAccessor15.newInstance(Unknown Source)
	at sun.reflect.DelegatingConstructorAccessorImpl.newInstance(DelegatingConstructorAccessorImpl.java:45)
	at java.lang.reflect.Constructor.newInstance(Constructor.java:423)
	at org.openqa.selenium.remote.http.W3CHttpResponseCodec.createException(W3CHttpResponseCodec.java:187)
	at org.openqa.selenium.remote.http.W3CHttpResponseCodec.decode(W3CHttpResponseCodec.java:122)
	at org.openqa.selenium.remote.http.W3CHttpResponseCodec.decode(W3CHttpResponseCodec.java:49)
	at org.openqa.selenium.remote.HttpCommandExecutor.execute(HttpCommandExecutor.java:158)
	at org.openqa.selenium.remote.service.DriverCommandExecutor.execute(DriverCommandExecutor.java:83)
	at org.openqa.selenium.remote.RemoteWebDriver.execute(RemoteWebDriver.java:552)
	at org.openqa.selenium.remote.RemoteWebDriver.execute(RemoteWebDriver.java:609)
	at org.openqa.selenium.remote.RemoteWebDriver.getScreenshotAs(RemoteWebDriver.java:295)
	at TestData.ScreenShot.takeScreenshotAtEndOfTest(ScreenShot.java:33)
	at com.kayak.ReportLogListeners.WebEventListener.onException(WebEventListener.java:57)
	at sun.reflect.GeneratedMethodAccessor5.invoke(Unknown Source)
	at sun.reflect.DelegatingMethodAccessorImpl.invoke(DelegatingMethodAccessorImpl.java:43)
	at java.lang.reflect.Method.invoke(Method.java:498)
	at org.openqa.selenium.support.events.EventFiringWebDriver.lambda$new$0(EventFiringWebDriver.java:84)
	at com.sun.proxy.$Proxy18.onException(Unknown Source)
	at org.openqa.selenium.support.events.EventFiringWebDriver.lambda$new$1(EventFiringWebDriver.java:107)
	at com.sun.proxy.$Proxy19.findElement(Unknown Source)
	at org.openqa.selenium.support.events.EventFiringWebDriver.findElement(EventFiringWebDriver.java:194)
	at org.openqa.selenium.support.pagefactory.DefaultElementLocator.findElement(DefaultElementLocator.java:69)
	at org.openqa.selenium.support.pagefactory.internal.LocatingElementHandler.invoke(LocatingElementHandler.java:38)
	at com.sun.proxy.$Proxy22.toString(Unknown Source)
	at java.lang.String.valueOf(String.java:2994)
	at java.lang.StringBuilder.append(StringBuilder.java:131)
	at org.openqa.selenium.support.ui.ExpectedConditions$10.toString(ExpectedConditions.java:305)
	at java.lang.String.valueOf(String.java:2994)
	at java.lang.StringBuilder.append(StringBuilder.java:131)
	at org.openqa.selenium.support.ui.FluentWait.until(FluentWait.java:268)
	at com.kayak.util.ReusableMethods.waitForPageElementToVisible(ReusableMethods.java:86)
	at com.kayak.pages.HomePage.clickFlightsTab(HomePage.java:61)
	at com.kayak.stepDefination.KayakTC1.click_on_flight_tab(KayakTC1.java:63)
	at ✽.When Click on flight tab(KayakFeatureFile1.feature:24)
</textarea>
                                                </li>
                    <li test-id='15' class='gc when skip' status='skip'>
                        <h6 class="step-name"><span class='status skip' title='skip'><i class='material-icons'>redo</i></span>When Enter OriginCity "San Francisco (SFO)", DestinationCity "Los Angeles (LAX)"</h6>
                            <div class="node-step">skipped</div>
                    </li>
                    <li test-id='16' class='gc then skip' status='skip'>
                        <h6 class="step-name"><span class='status skip' title='skip'><i class='material-icons'>redo</i></span>Then DepartureDate and ReturnDate</h6>
                            <div class="node-step">skipped</div>
                    </li>
                    <li test-id='17' class='gc then skip' status='skip'>
                        <h6 class="step-name"><span class='status skip' title='skip'><i class='material-icons'>redo</i></span>Then Click on Search button</h6>
                            <div class="node-step">skipped</div>
                    </li>
                    <li test-id='18' class='gc when skip' status='skip'>
                        <h6 class="step-name"><span class='status skip' title='skip'><i class='material-icons'>redo</i></span>When Select one option from search</h6>
                            <div class="node-step">skipped</div>
                    </li>
                    <li test-id='19' class='gc then skip' status='skip'>
                        <h6 class="step-name"><span class='status skip' title='skip'><i class='material-icons'>redo</i></span>Then Verify and Validate origin and destination cities</h6>
                            <div class="node-step">skipped</div>
                    </li>
                    <li test-id='20' class='gc and skip' status='skip'>
                        <h6 class="step-name"><span class='status skip' title='skip'><i class='material-icons'>redo</i></span>And Close Browser</h6>
                            <div class="node-step">skipped</div>
                    </li>
            </ul>
        </li>
        <li test-id='21' class='node scenario fail' status='fail'>
            <div class="step-name"><span class='status fail' title='fail'><i class='material-icons'>cancel</i></span>TC01 Navigate to Kayak.com</div>
            <ul class='gc steps'>
                    <li test-id='22' class='gc given pass' status='pass'>
                        <h6 class="step-name"><span class='status pass' title='pass'><i class='material-icons'>check_circle</i></span>Given Launch Appication chrome</h6>
                            <div class="node-step">passed</div>
                    </li>
                    <li test-id='23' class='gc when pass' status='pass'>
                        <h6 class="step-name"><span class='status pass' title='pass'><i class='material-icons'>check_circle</i></span>When Click on flight tab</h6>
                            <div class="node-step">passed</div>
                    </li>
                    <li test-id='24' class='gc when fail' status='fail'>
                        <h6 class="step-name"><span class='status fail' title='fail'><i class='material-icons'>cancel</i></span>When Enter OriginCity "Houston (HOU)", DestinationCity "Chicago (CHI)"</h6>
                            <textarea disabled class="code-block">org.openqa.selenium.ElementClickInterceptedException: element click intercepted: Element <div id="jBCX-destination-airport-display" tabindex="0" class="_ibU _ioS _ibV _iDB _idE _im8 _j0G _iai _j-p _j-q _j88 _j2g _ikc _j9j _iCV _iqF _iHV _j-v _j8a _ijv _j9d _j-r _j-s _j-t _j-u _j-J _j-K _icc _j-L _is4 _j-F _j-G _j-H _j-I _iwM _j-B _j-C _iqH _j-D _iQI _j-E _iqj _iOC _iFZ _iA6 _j-A _iFW _ioZ selectTextOnFocus _iVh" data-placeholder="To?" aria-label="Flight destination input">...</div> is not clickable at point (656, 242). Other element would receive the click: <input id="jBCX-destination-airport" type="text" class="_kcs _kct _kcu _kco _kcp _kcq _kcr _kck _kcl _kcm _kcn _kch _kci _kcj size-m _iae _iHf _iax _iB9 _j5F _j5G _j5H _j5I _iaq _j5E _kbj _i-7 _ihr _ihs _ial _kbk _ihp _i-5 _ihq _iaj _i-6 _iad _irF _i5S _iaa _igh _im8 _iv1" name="destination" placeholder="To?" aria-label="Flight destination input" aria-hidden="false" smarty="true" autocomplete="off" autocapitalize="off" autocorrect="off" role="combobox" aria-autocomplete="list" aria-expanded="true">
  (Session info: chrome=84.0.4147.89)
Build info: version: '3.141.5', revision: 'd54ebd709a', time: '2018-11-06T11:42:16'
System info: host: 'Nehas-MacBook-Pro.local', ip: 'fe80:0:0:0:1455:5eb1:a4e1:2e38%en0', os.name: 'Mac OS X', os.arch: 'x86_64', os.version: '10.14.6', java.version: '1.8.0_191'
Driver info: org.openqa.selenium.chrome.ChromeDriver
Capabilities {acceptInsecureCerts: false, browserName: chrome, browserVersion: 84.0.4147.89, chrome: {chromedriverVersion: 84.0.4147.30 (48b3e868b4cc0..., userDataDir: /var/folders/hk/hrj41yb90fd...}, goog:chromeOptions: {debuggerAddress: localhost:49975}, javascriptEnabled: true, networkConnectionEnabled: false, pageLoadStrategy: normal, platform: MAC, platformName: MAC, proxy: Proxy(), setWindowRect: true, strictFileInteractability: false, timeouts: {implicit: 0, pageLoad: 300000, script: 30000}, unhandledPromptBehavior: dismiss and notify, webauthn:virtualAuthenticators: true}
Session ID: dc4bba7dca1df954b7d6653c3122c0f5
	at sun.reflect.NativeConstructorAccessorImpl.newInstance0(Native Method)
	at sun.reflect.NativeConstructorAccessorImpl.newInstance(NativeConstructorAccessorImpl.java:62)
	at sun.reflect.DelegatingConstructorAccessorImpl.newInstance(DelegatingConstructorAccessorImpl.java:45)
	at java.lang.reflect.Constructor.newInstance(Constructor.java:423)
	at org.openqa.selenium.remote.http.W3CHttpResponseCodec.createException(W3CHttpResponseCodec.java:187)
	at org.openqa.selenium.remote.http.W3CHttpResponseCodec.decode(W3CHttpResponseCodec.java:122)
	at org.openqa.selenium.remote.http.W3CHttpResponseCodec.decode(W3CHttpResponseCodec.java:49)
	at org.openqa.selenium.remote.HttpCommandExecutor.execute(HttpCommandExecutor.java:158)
	at org.openqa.selenium.remote.service.DriverCommandExecutor.execute(DriverCommandExecutor.java:83)
	at org.openqa.selenium.remote.RemoteWebDriver.execute(RemoteWebDriver.java:552)
	at org.openqa.selenium.remote.RemoteWebElement.execute(RemoteWebElement.java:285)
	at org.openqa.selenium.remote.RemoteWebElement.click(RemoteWebElement.java:84)
	at sun.reflect.NativeMethodAccessorImpl.invoke0(Native Method)
	at sun.reflect.NativeMethodAccessorImpl.invoke(NativeMethodAccessorImpl.java:62)
	at sun.reflect.DelegatingMethodAccessorImpl.invoke(DelegatingMethodAccessorImpl.java:43)
	at java.lang.reflect.Method.invoke(Method.java:498)
	at org.openqa.selenium.support.events.EventFiringWebDriver$EventFiringWebElement.lambda$new$0(EventFiringWebDriver.java:404)
	at com.sun.proxy.$Proxy23.click(Unknown Source)
	at org.openqa.selenium.support.events.EventFiringWebDriver$EventFiringWebElement.click(EventFiringWebDriver.java:417)
	at sun.reflect.NativeMethodAccessorImpl.invoke0(Native Method)
	at sun.reflect.NativeMethodAccessorImpl.invoke(NativeMethodAccessorImpl.java:62)
	at sun.reflect.DelegatingMethodAccessorImpl.invoke(DelegatingMethodAccessorImpl.java:43)
	at java.lang.reflect.Method.invoke(Method.java:498)
	at org.openqa.selenium.support.pagefactory.internal.LocatingElementHandler.invoke(LocatingElementHandler.java:51)
	at com.sun.proxy.$Proxy22.click(Unknown Source)
	at com.kayak.pages.HomePage.enterDestinationCity(HomePage.java:98)
	at com.kayak.stepDefination.KayakTC1.enter_OriginCity_DestinationCity(KayakTC1.java:88)
	at ✽.When Enter OriginCity "Houston (HOU)", DestinationCity "Chicago (CHI)"(KayakFeatureFile1.feature:25)
</textarea>
                                                </li>
                    <li test-id='25' class='gc then skip' status='skip'>
                        <h6 class="step-name"><span class='status skip' title='skip'><i class='material-icons'>redo</i></span>Then DepartureDate and ReturnDate</h6>
                            <div class="node-step">skipped</div>
                    </li>
                    <li test-id='26' class='gc then skip' status='skip'>
                        <h6 class="step-name"><span class='status skip' title='skip'><i class='material-icons'>redo</i></span>Then Click on Search button</h6>
                            <div class="node-step">skipped</div>
                    </li>
                    <li test-id='27' class='gc when skip' status='skip'>
                        <h6 class="step-name"><span class='status skip' title='skip'><i class='material-icons'>redo</i></span>When Select one option from search</h6>
                            <div class="node-step">skipped</div>
                    </li>
                    <li test-id='28' class='gc then skip' status='skip'>
                        <h6 class="step-name"><span class='status skip' title='skip'><i class='material-icons'>redo</i></span>Then Verify and Validate origin and destination cities</h6>
                            <div class="node-step">skipped</div>
                    </li>
                    <li test-id='29' class='gc and skip' status='skip'>
                        <h6 class="step-name"><span class='status skip' title='skip'><i class='material-icons'>redo</i></span>And Close Browser</h6>
                            <div class="node-step">skipped</div>
                    </li>
            </ul>
        </li>
    </ul>
</div>
					</div>
				</li>
			</ul>
		</div>
	</div>
	<!-- subview left -->
	<div class='subview-right left'>
		<div class='view-summary'>
			<div id='step-filters' class="right sr-filters">
				<a class="btn-floating waves-effect waves-light green" status="pass" alt="pass" title="pass"><i class="material-icons">check_circle</i></a>
				<a class="btn-floating waves-effect waves-light red" status="fail" alt="fail" title="fail"><i class="material-icons">cancel</i></a>
				<a class="btn-floating waves-effect waves-light red darken-4" status="fatal" alt="fatal" title="fatal"><i class="material-icons">cancel</i></a>
				<a class="btn-floating waves-effect waves-light pink text-lighten-1" status="error" alt="error" title="error"><i class="material-icons">error</i></a>
				<a class="btn-floating waves-effect waves-light orange" alt="warning" status="warning" title="warning"><i class="material-icons">warning</i></a>
				<a class="btn-floating waves-effect waves-light teal" status="skip" alt="skip" title="skip"><i class="material-icons">redo</i></a>
				<a class="btn-floating waves-effect waves-light grey" status="clear" alt="Clear filters" title="Clear filters"><i class="material-icons">clear</i></a>
			</div>
			<h5 class='test-name'></h5>
		</div>
	</div>
	<!-- subview right -->
</div>
<!-- test view --><div id='category-view' class='view hide'>
	<section id='controls'>
		<div class='controls grey lighten-4'>
			<!-- search -->
			<div class='chip transparent' alt='Search Tests' title='Search Tests'>
				<a href="#" class='search-div'>
				<i class='material-icons'>search</i> Search
				</a>
				<div class='input-field left hide'>
					<input id='search-tests' type='text' class='validate browser-default' placeholder='Search Tests...'>
				</div>
			</div>
			<!-- search -->
		</div>
	</section>
	<div class='subview-left left'>
		<div class='view-summary'>
			<ul id='category-collection' class='category-collection'>
				<li class='category displayed active'>
					<div class='category-heading'>
						<span class='category-name'>@tag1</span>
						<span class='category-status right'>
						<span class='label fail'>4</span>
						</span>
					</div>
					<div class='category-content hide'>
						<div class='category-status-counts'>
							
							<span class='label red lighten-1 white-text'>Failed: 4</span>
							
						</div>
						<div class='category-tests'>
							<table class='bordered table-results'>
								<thead>
									<tr>
										<th>Timestamp</th>
										<th>TestName</th>
										<th>Status</th>
									</tr>
								</thead>
								<tbody>
									<tr>
										<td>Jul 23, 2020 11:43:01 PM</td>
										<td class='linked' test-id='1'>KayaK Cucumber TestNG Testcases</td>
										<td><span class='test-status fail'>fail</span></td>
									</tr>
									<tr>
										<td>Jul 23, 2020 11:43:01 PM</td>
										<td class='linked' test-id='3'>KayaK Cucumber TestNG Testcases.TC01 Navigate to Kayak.com.TC01 Navigate to Kayak.com</td>
										<td><span class='test-status fail'>fail</span></td>
									</tr>
									<tr>
										<td>Jul 23, 2020 11:43:11 PM</td>
										<td class='linked' test-id='12'>KayaK Cucumber TestNG Testcases.TC01 Navigate to Kayak.com.TC01 Navigate to Kayak.com</td>
										<td><span class='test-status fail'>fail</span></td>
									</tr>
									<tr>
										<td>Jul 23, 2020 11:43:44 PM</td>
										<td class='linked' test-id='21'>KayaK Cucumber TestNG Testcases.TC01 Navigate to Kayak.com.TC01 Navigate to Kayak.com</td>
										<td><span class='test-status fail'>fail</span></td>
									</tr>
								</tbody>
							</table>
						</div>
					</div>
				</li>
			</ul>
		</div>
	</div>
	<div class='subview-right left'>
		<div class='view-summary'>
			<h5 class='category-name'></h5>
		</div>
	</div>
</div>
<!-- category view --><div id='exception-view' class='view hide'>
	<section id='controls'>
		<div class='controls grey lighten-4'>
			<!-- search -->
			<div class='chip transparent' alt='Search Tests' title='Search Tests'>
				<a href="#" class='search-div'>
				<i class='material-icons'>search</i> Search
				</a>
				<div class='input-field left hide'>
					<input id='search-tests' type='text' class='validate browser-default' placeholder='Search Tests...'>
				</div>
			</div>
			<!-- search -->
		</div>
	</section>
	<div class='subview-left left'>
		<div class='view-summary'>
			<ul id='exception-collection' class='exception-collection'>
				<li class='exception displayed active'>
					<div class='exception-heading'>
						<span class='exception-name'>org.openqa.selenium.ElementClickInterceptedException</span>
						<span class='exception-count right'><span class='label red lighten-1 white-text'>2</span></span>
					</div>
					<div class='exception-content hide'>
						<div class='exception-tests'>
							<table class='bordered table-results'>
								<thead>
									<tr>
										<th>Timestamp</th>
										<th>TestName</th>
										<th>Status</th>
									</tr>
								</thead>
								<tbody>
									<tr>
										<td>Jul 23, 2020 11:43:08 PM</td>
										<td class='linked' test-id='6'>KayaK Cucumber TestNG Testcases.TC01 Navigate to Kayak.com.TC01 Navigate to Kayak.com.When Enter OriginCity "Baltimore (BWI)", DestinationCity "Dallas (DFW)"</td>
										<td>
											<textarea disabled class="code-block">org.openqa.selenium.ElementClickInterceptedException: element click intercepted: Element <div id="MyiH-destination-airport-display" tabindex="0" class="_ibU _ioS _ibV _iDB _idE _im8 _j0G _iai _j-p _j-q _j88 _j2g _ikc _j9j _iCV _iqF _iHV _j-v _j8a _ijv _j9d _j-r _j-s _j-t _j-u _j-J _j-K _icc _j-L _is4 _j-F _j-G _j-H _j-I _iwM _j-B _j-C _iqH _j-D _iQI _j-E _iqj _iOC _iFZ _iA6 _j-A _iFW _ioZ selectTextOnFocus _iVh" data-placeholder="To?" aria-label="Flight destination input">...</div> is not clickable at point (656, 242). Other element would receive the click: <input id="MyiH-destination-airport" type="text" class="_kcs _kct _kcu _kco _kcp _kcq _kcr _kck _kcl _kcm _kcn _kch _kci _kcj size-m _iae _iHf _iax _iB9 _j5F _j5G _j5H _j5I _iaq _j5E _kbj _i-7 _ihr _ihs _ial _kbk _ihp _i-5 _ihq _iaj _i-6 _iad _irF _i5S _iaa _igh _im8 _iv1" name="destination" placeholder="To?" aria-label="Flight destination input" aria-hidden="false" smarty="true" autocomplete="off" autocapitalize="off" autocorrect="off" role="combobox" aria-autocomplete="list" aria-expanded="true">
  (Session info: chrome=84.0.4147.89)
Build info: version: '3.141.5', revision: 'd54ebd709a', time: '2018-11-06T11:42:16'
System info: host: 'Nehas-MacBook-Pro.local', ip: 'fe80:0:0:0:1455:5eb1:a4e1:2e38%en0', os.name: 'Mac OS X', os.arch: 'x86_64', os.version: '10.14.6', java.version: '1.8.0_191'
Driver info: org.openqa.selenium.chrome.ChromeDriver
Capabilities {acceptInsecureCerts: false, browserName: chrome, browserVersion: 84.0.4147.89, chrome: {chromedriverVersion: 84.0.4147.30 (48b3e868b4cc0..., userDataDir: /var/folders/hk/hrj41yb90fd...}, goog:chromeOptions: {debuggerAddress: localhost:49770}, javascriptEnabled: true, networkConnectionEnabled: false, pageLoadStrategy: normal, platform: MAC, platformName: MAC, proxy: Proxy(), setWindowRect: true, strictFileInteractability: false, timeouts: {implicit: 0, pageLoad: 300000, script: 30000}, unhandledPromptBehavior: dismiss and notify, webauthn:virtualAuthenticators: true}
Session ID: 7c7c58235280c135c1b78ec58b57fdf9
	at sun.reflect.NativeConstructorAccessorImpl.newInstance0(Native Method)
	at sun.reflect.NativeConstructorAccessorImpl.newInstance(NativeConstructorAccessorImpl.java:62)
	at sun.reflect.DelegatingConstructorAccessorImpl.newInstance(DelegatingConstructorAccessorImpl.java:45)
	at java.lang.reflect.Constructor.newInstance(Constructor.java:423)
	at org.openqa.selenium.remote.http.W3CHttpResponseCodec.createException(W3CHttpResponseCodec.java:187)
	at org.openqa.selenium.remote.http.W3CHttpResponseCodec.decode(W3CHttpResponseCodec.java:122)
	at org.openqa.selenium.remote.http.W3CHttpResponseCodec.decode(W3CHttpResponseCodec.java:49)
	at org.openqa.selenium.remote.HttpCommandExecutor.execute(HttpCommandExecutor.java:158)
	at org.openqa.selenium.remote.service.DriverCommandExecutor.execute(DriverCommandExecutor.java:83)
	at org.openqa.selenium.remote.RemoteWebDriver.execute(RemoteWebDriver.java:552)
	at org.openqa.selenium.remote.RemoteWebElement.execute(RemoteWebElement.java:285)
	at org.openqa.selenium.remote.RemoteWebElement.click(RemoteWebElement.java:84)
	at sun.reflect.NativeMethodAccessorImpl.invoke0(Native Method)
	at sun.reflect.NativeMethodAccessorImpl.invoke(NativeMethodAccessorImpl.java:62)
	at sun.reflect.DelegatingMethodAccessorImpl.invoke(DelegatingMethodAccessorImpl.java:43)
	at java.lang.reflect.Method.invoke(Method.java:498)
	at org.openqa.selenium.support.events.EventFiringWebDriver$EventFiringWebElement.lambda$new$0(EventFiringWebDriver.java:404)
	at com.sun.proxy.$Proxy23.click(Unknown Source)
	at org.openqa.selenium.support.events.EventFiringWebDriver$EventFiringWebElement.click(EventFiringWebDriver.java:417)
	at sun.reflect.NativeMethodAccessorImpl.invoke0(Native Method)
	at sun.reflect.NativeMethodAccessorImpl.invoke(NativeMethodAccessorImpl.java:62)
	at sun.reflect.DelegatingMethodAccessorImpl.invoke(DelegatingMethodAccessorImpl.java:43)
	at java.lang.reflect.Method.invoke(Method.java:498)
	at org.openqa.selenium.support.pagefactory.internal.LocatingElementHandler.invoke(LocatingElementHandler.java:51)
	at com.sun.proxy.$Proxy22.click(Unknown Source)
	at com.kayak.pages.HomePage.enterDestinationCity(HomePage.java:98)
	at com.kayak.stepDefination.KayakTC1.enter_OriginCity_DestinationCity(KayakTC1.java:88)
	at ✽.When Enter OriginCity "Baltimore (BWI)", DestinationCity "Dallas (DFW)"(KayakFeatureFile1.feature:25)
</textarea>
										</td>
									</tr>
									<tr>
										<td>Jul 23, 2020 11:43:51 PM</td>
										<td class='linked' test-id='24'>KayaK Cucumber TestNG Testcases.TC01 Navigate to Kayak.com.TC01 Navigate to Kayak.com.When Enter OriginCity "Houston (HOU)", DestinationCity "Chicago (CHI)"</td>
										<td>
											<textarea disabled class="code-block">org.openqa.selenium.ElementClickInterceptedException: element click intercepted: Element <div id="jBCX-destination-airport-display" tabindex="0" class="_ibU _ioS _ibV _iDB _idE _im8 _j0G _iai _j-p _j-q _j88 _j2g _ikc _j9j _iCV _iqF _iHV _j-v _j8a _ijv _j9d _j-r _j-s _j-t _j-u _j-J _j-K _icc _j-L _is4 _j-F _j-G _j-H _j-I _iwM _j-B _j-C _iqH _j-D _iQI _j-E _iqj _iOC _iFZ _iA6 _j-A _iFW _ioZ selectTextOnFocus _iVh" data-placeholder="To?" aria-label="Flight destination input">...</div> is not clickable at point (656, 242). Other element would receive the click: <input id="jBCX-destination-airport" type="text" class="_kcs _kct _kcu _kco _kcp _kcq _kcr _kck _kcl _kcm _kcn _kch _kci _kcj size-m _iae _iHf _iax _iB9 _j5F _j5G _j5H _j5I _iaq _j5E _kbj _i-7 _ihr _ihs _ial _kbk _ihp _i-5 _ihq _iaj _i-6 _iad _irF _i5S _iaa _igh _im8 _iv1" name="destination" placeholder="To?" aria-label="Flight destination input" aria-hidden="false" smarty="true" autocomplete="off" autocapitalize="off" autocorrect="off" role="combobox" aria-autocomplete="list" aria-expanded="true">
  (Session info: chrome=84.0.4147.89)
Build info: version: '3.141.5', revision: 'd54ebd709a', time: '2018-11-06T11:42:16'
System info: host: 'Nehas-MacBook-Pro.local', ip: 'fe80:0:0:0:1455:5eb1:a4e1:2e38%en0', os.name: 'Mac OS X', os.arch: 'x86_64', os.version: '10.14.6', java.version: '1.8.0_191'
Driver info: org.openqa.selenium.chrome.ChromeDriver
Capabilities {acceptInsecureCerts: false, browserName: chrome, browserVersion: 84.0.4147.89, chrome: {chromedriverVersion: 84.0.4147.30 (48b3e868b4cc0..., userDataDir: /var/folders/hk/hrj41yb90fd...}, goog:chromeOptions: {debuggerAddress: localhost:49975}, javascriptEnabled: true, networkConnectionEnabled: false, pageLoadStrategy: normal, platform: MAC, platformName: MAC, proxy: Proxy(), setWindowRect: true, strictFileInteractability: false, timeouts: {implicit: 0, pageLoad: 300000, script: 30000}, unhandledPromptBehavior: dismiss and notify, webauthn:virtualAuthenticators: true}
Session ID: dc4bba7dca1df954b7d6653c3122c0f5
	at sun.reflect.NativeConstructorAccessorImpl.newInstance0(Native Method)
	at sun.reflect.NativeConstructorAccessorImpl.newInstance(NativeConstructorAccessorImpl.java:62)
	at sun.reflect.DelegatingConstructorAccessorImpl.newInstance(DelegatingConstructorAccessorImpl.java:45)
	at java.lang.reflect.Constructor.newInstance(Constructor.java:423)
	at org.openqa.selenium.remote.http.W3CHttpResponseCodec.createException(W3CHttpResponseCodec.java:187)
	at org.openqa.selenium.remote.http.W3CHttpResponseCodec.decode(W3CHttpResponseCodec.java:122)
	at org.openqa.selenium.remote.http.W3CHttpResponseCodec.decode(W3CHttpResponseCodec.java:49)
	at org.openqa.selenium.remote.HttpCommandExecutor.execute(HttpCommandExecutor.java:158)
	at org.openqa.selenium.remote.service.DriverCommandExecutor.execute(DriverCommandExecutor.java:83)
	at org.openqa.selenium.remote.RemoteWebDriver.execute(RemoteWebDriver.java:552)
	at org.openqa.selenium.remote.RemoteWebElement.execute(RemoteWebElement.java:285)
	at org.openqa.selenium.remote.RemoteWebElement.click(RemoteWebElement.java:84)
	at sun.reflect.NativeMethodAccessorImpl.invoke0(Native Method)
	at sun.reflect.NativeMethodAccessorImpl.invoke(NativeMethodAccessorImpl.java:62)
	at sun.reflect.DelegatingMethodAccessorImpl.invoke(DelegatingMethodAccessorImpl.java:43)
	at java.lang.reflect.Method.invoke(Method.java:498)
	at org.openqa.selenium.support.events.EventFiringWebDriver$EventFiringWebElement.lambda$new$0(EventFiringWebDriver.java:404)
	at com.sun.proxy.$Proxy23.click(Unknown Source)
	at org.openqa.selenium.support.events.EventFiringWebDriver$EventFiringWebElement.click(EventFiringWebDriver.java:417)
	at sun.reflect.NativeMethodAccessorImpl.invoke0(Native Method)
	at sun.reflect.NativeMethodAccessorImpl.invoke(NativeMethodAccessorImpl.java:62)
	at sun.reflect.DelegatingMethodAccessorImpl.invoke(DelegatingMethodAccessorImpl.java:43)
	at java.lang.reflect.Method.invoke(Method.java:498)
	at org.openqa.selenium.support.pagefactory.internal.LocatingElementHandler.invoke(LocatingElementHandler.java:51)
	at com.sun.proxy.$Proxy22.click(Unknown Source)
	at com.kayak.pages.HomePage.enterDestinationCity(HomePage.java:98)
	at com.kayak.stepDefination.KayakTC1.enter_OriginCity_DestinationCity(KayakTC1.java:88)
	at ✽.When Enter OriginCity "Houston (HOU)", DestinationCity "Chicago (CHI)"(KayakFeatureFile1.feature:25)
</textarea>
										</td>
									</tr>
								</tbody>
							</table>
						</div>
					</div>
				</li>
				<li class='exception displayed active'>
					<div class='exception-heading'>
						<span class='exception-name'>org.openqa.selenium.NoSuchWindowException</span>
						<span class='exception-count right'><span class='label red lighten-1 white-text'>1</span></span>
					</div>
					<div class='exception-content hide'>
						<div class='exception-tests'>
							<table class='bordered table-results'>
								<thead>
									<tr>
										<th>Timestamp</th>
										<th>TestName</th>
										<th>Status</th>
									</tr>
								</thead>
								<tbody>
									<tr>
										<td>Jul 23, 2020 11:43:14 PM</td>
										<td class='linked' test-id='14'>KayaK Cucumber TestNG Testcases.TC01 Navigate to Kayak.com.TC01 Navigate to Kayak.com.When Click on flight tab</td>
										<td>
											<textarea disabled class="code-block">org.openqa.selenium.NoSuchWindowException: no such window: target window already closed
from unknown error: web view not found
  (Session info: chrome=84.0.4147.89)
Build info: version: '3.141.5', revision: 'd54ebd709a', time: '2018-11-06T11:42:16'
System info: host: 'Nehas-MacBook-Pro.local', ip: 'fe80:0:0:0:1455:5eb1:a4e1:2e38%en0', os.name: 'Mac OS X', os.arch: 'x86_64', os.version: '10.14.6', java.version: '1.8.0_191'
Driver info: org.openqa.selenium.chrome.ChromeDriver
Capabilities {acceptInsecureCerts: false, browserName: chrome, browserVersion: 84.0.4147.89, chrome: {chromedriverVersion: 84.0.4147.30 (48b3e868b4cc0..., userDataDir: /var/folders/hk/hrj41yb90fd...}, goog:chromeOptions: {debuggerAddress: localhost:49845}, javascriptEnabled: true, networkConnectionEnabled: false, pageLoadStrategy: normal, platform: MAC, platformName: MAC, proxy: Proxy(), setWindowRect: true, strictFileInteractability: false, timeouts: {implicit: 0, pageLoad: 300000, script: 30000}, unhandledPromptBehavior: dismiss and notify, webauthn:virtualAuthenticators: true}
Session ID: 4b48fde6ccacf52c9abd706e95d025c9
	at sun.reflect.GeneratedConstructorAccessor15.newInstance(Unknown Source)
	at sun.reflect.DelegatingConstructorAccessorImpl.newInstance(DelegatingConstructorAccessorImpl.java:45)
	at java.lang.reflect.Constructor.newInstance(Constructor.java:423)
	at org.openqa.selenium.remote.http.W3CHttpResponseCodec.createException(W3CHttpResponseCodec.java:187)
	at org.openqa.selenium.remote.http.W3CHttpResponseCodec.decode(W3CHttpResponseCodec.java:122)
	at org.openqa.selenium.remote.http.W3CHttpResponseCodec.decode(W3CHttpResponseCodec.java:49)
	at org.openqa.selenium.remote.HttpCommandExecutor.execute(HttpCommandExecutor.java:158)
	at org.openqa.selenium.remote.service.DriverCommandExecutor.execute(DriverCommandExecutor.java:83)
	at org.openqa.selenium.remote.RemoteWebDriver.execute(RemoteWebDriver.java:552)
	at org.openqa.selenium.remote.RemoteWebDriver.execute(RemoteWebDriver.java:609)
	at org.openqa.selenium.remote.RemoteWebDriver.getScreenshotAs(RemoteWebDriver.java:295)
	at TestData.ScreenShot.takeScreenshotAtEndOfTest(ScreenShot.java:33)
	at com.kayak.ReportLogListeners.WebEventListener.onException(WebEventListener.java:57)
	at sun.reflect.GeneratedMethodAccessor5.invoke(Unknown Source)
	at sun.reflect.DelegatingMethodAccessorImpl.invoke(DelegatingMethodAccessorImpl.java:43)
	at java.lang.reflect.Method.invoke(Method.java:498)
	at org.openqa.selenium.support.events.EventFiringWebDriver.lambda$new$0(EventFiringWebDriver.java:84)
	at com.sun.proxy.$Proxy18.onException(Unknown Source)
	at org.openqa.selenium.support.events.EventFiringWebDriver.lambda$new$1(EventFiringWebDriver.java:107)
	at com.sun.proxy.$Proxy19.findElement(Unknown Source)
	at org.openqa.selenium.support.events.EventFiringWebDriver.findElement(EventFiringWebDriver.java:194)
	at org.openqa.selenium.support.pagefactory.DefaultElementLocator.findElement(DefaultElementLocator.java:69)
	at org.openqa.selenium.support.pagefactory.internal.LocatingElementHandler.invoke(LocatingElementHandler.java:38)
	at com.sun.proxy.$Proxy22.toString(Unknown Source)
	at java.lang.String.valueOf(String.java:2994)
	at java.lang.StringBuilder.append(StringBuilder.java:131)
	at org.openqa.selenium.support.ui.ExpectedConditions$10.toString(ExpectedConditions.java:305)
	at java.lang.String.valueOf(String.java:2994)
	at java.lang.StringBuilder.append(StringBuilder.java:131)
	at org.openqa.selenium.support.ui.FluentWait.until(FluentWait.java:268)
	at com.kayak.util.ReusableMethods.waitForPageElementToVisible(ReusableMethods.java:86)
	at com.kayak.pages.HomePage.clickFlightsTab(HomePage.java:61)
	at com.kayak.stepDefination.KayakTC1.click_on_flight_tab(KayakTC1.java:63)
	at ✽.When Click on flight tab(KayakFeatureFile1.feature:24)
</textarea>
										</td>
									</tr>
								</tbody>
							</table>
						</div>
					</div>
				</li>
			</ul>
		</div>
	</div>
	<div class='subview-right left'>
		<div class='view-summary'>
			<h5 class='exception-name'></h5>
		</div>
	</div>
</div>
<!-- exception view --><div id='dashboard-view' class='view hide'>
	<div class='card-panel transparent np-v'>
		<h5>Dashboard</h5>

		<div class='row'>
			<div class='col s2'>
				<div class='card-panel r'>
					Features
					<div class='panel-lead'>1</div>
				</div>
			</div>
			<div class='col s2'>
				<div class='card-panel r'>
					Scenarios
					<div class='panel-lead'>3</div>
				</div>
			</div>
			<div class='col s2'>
				<div class='card-panel r'>
					Steps
					<div class='panel-lead'>24</div>
				</div>
			</div>
			<div class='col s2'>
				<div class='card-panel r'>
					Start
					<div class='panel-lead'>Jul 23, 2020 11:43:01 PM</div>
				</div>
			</div>
			<div class='col s2'>
				<div class='card-panel r'>
			 		End
			 		<div class='panel-lead'>Jul 23, 2020 11:43:54 PM</div>
				</div>
			</div>
			<div class='col s2'>
				<div class='card-panel r'>
					Time Taken
					<div class='panel-lead'>0h 0m 53s+467ms</div>
				</div>
			</div>
			<div class='col s6'>
				<div class='card-panel dashboard-categories'>
					<span class='right label cyan white-text'>Categories</span><p>&nbsp;</p>
					
					<table>
						<tr>
							<th>Name</th>
							<th>Passed</th>
							<th>Failed</th>
							<th>Others</th>
							<th>Passed %</th>
						</tr>
						<tr>
							<td>@tag1</td>
							<td>0</td>
							<td>4</td>
							<td>0</td>
							<td>
									0%
							</td>
						</tr>
					</table>
				</div>
			</div>
		</div>
	</div>
</div>
<!-- dashboard view -->
<!-- testrunner-logs view -->		</div>
		<!-- container -->
		<script>
			var statusGroup = {
                parentCount: 1,
				passParent: 0,
				failParent: 1,
				fatalParent: 0,
				errorParent: 0,
				warningParent: 0,
				skipParent: 0,
				exceptionsParent: 1,
				childCount: 3,
				passChild: 0,
				failChild: 3,
				fatalChild: 0,
				errorChild: 0,
				warningChild: 0,
				skipChild: 0,
				infoChild: 0,
				debugChild: 0,
				exceptionsChild: 3,
				grandChildCount: 24,
				passGrandChild: 5,
				failGrandChild: 3,
				fatalGrandChild: 0,
				errorGrandChild: 0,
				warningGrandChild: 0,
				skipGrandChild: 16,
				infoGrandChild: 0,
				debugGrandChild: 0,
				exceptionsGrandChild: 19,
			};
		</script>
		<script>
			var timeline = {
			        "KayaK Cucumber TestNG Testcases":53.284
			};
		</script>
		<script src='http://cdn.rawgit.com/extent-framework/extent-github-cdn/c23457b/v3html/js/extent.js' type='text/javascript'></script>
		<script type='text/javascript'>
			
            
        $(document).ready(function() {

        });
      
        
		</script>
	</body>
</html>