<?xml version="1.0" encoding="UTF-8"?>
<testng-results skipped="0" failed="2" ignored="0" total="4" passed="2">
  <reporter-output>
  </reporter-output>
  <suite name="Default suite" duration-ms="43587" started-at="2020-07-23T19:11:30Z" finished-at="2020-07-23T19:12:13Z">
    <groups>
    </groups>
    <test name="Default test" duration-ms="43587" started-at="2020-07-23T19:11:30Z" finished-at="2020-07-23T19:12:13Z">
      <class name="com.kayak.stepDefination.KayakTC1">
        <test-method status="PASS" signature="launch_Appication_firefox()[pri:0, instance:com.kayak.stepDefination.KayakTC1@2f177a4b]" name="launch_Appication_firefox" is-config="true" duration-ms="4010" started-at="2020-07-23T14:11:30Z" finished-at="2020-07-23T14:11:34Z">
          <reporter-output>
          </reporter-output>
        </test-method> <!-- launch_Appication_firefox -->
        <test-method status="PASS" signature="click_on_flight_tab()[pri:1, instance:com.kayak.stepDefination.KayakTC1@2f177a4b]" name="click_on_flight_tab" duration-ms="3236" started-at="2020-07-23T14:11:34Z" finished-at="2020-07-23T14:11:37Z">
          <reporter-output>
          </reporter-output>
        </test-method> <!-- click_on_flight_tab -->
        <test-method status="PASS" signature="close_Browser()[pri:0, instance:com.kayak.stepDefination.KayakTC1@2f177a4b]" name="close_Browser" is-config="true" duration-ms="91" started-at="2020-07-23T14:11:37Z" finished-at="2020-07-23T14:11:37Z">
          <reporter-output>
          </reporter-output>
        </test-method> <!-- close_Browser -->
        <test-method status="FAIL" signature="enter_OriginCity_DestinationCity(java.lang.String, java.lang.String)[pri:2, instance:com.kayak.stepDefination.KayakTC1@2f177a4b]" name="enter_OriginCity_DestinationCity" duration-ms="0" started-at="2020-07-23T14:11:37Z" finished-at="2020-07-23T14:11:37Z">
          <exception class="org.testng.TestNGException">
            <message>
              <![CDATA[
Cannot inject @Test annotated Method [enter_OriginCity_DestinationCity] with [class java.lang.String, class java.lang.String].
For more information on native dependency injection please refer to http://testng.org/doc/documentation-main.html#native-dependency-injection]]>
            </message>
            <full-stacktrace>
              <![CDATA[org.testng.TestNGException: 
Cannot inject @Test annotated Method [enter_OriginCity_DestinationCity] with [class java.lang.String, class java.lang.String].
For more information on native dependency injection please refer to http://testng.org/doc/documentation-main.html#native-dependency-injection
	at org.testng.internal.Parameters.checkParameterTypes(Parameters.java:244)
	at org.testng.internal.Parameters.createParameters(Parameters.java:172)
	at org.testng.internal.Parameters.createParameters(Parameters.java:458)
	at org.testng.internal.Parameters.handleParameters(Parameters.java:569)
	at org.testng.internal.Invoker.handleParameters(Invoker.java:1308)
	at org.testng.internal.Invoker.createParameters(Invoker.java:1036)
	at org.testng.internal.Invoker.invokeTestMethods(Invoker.java:1126)
	at org.testng.internal.TestMethodWorker.invokeTestMethods(TestMethodWorker.java:126)
	at org.testng.internal.TestMethodWorker.run(TestMethodWorker.java:109)
	at org.testng.TestRunner.privateRun(TestRunner.java:744)
	at org.testng.TestRunner.run(TestRunner.java:602)
	at org.testng.SuiteRunner.runTest(SuiteRunner.java:380)
	at org.testng.SuiteRunner.runSequentially(SuiteRunner.java:375)
	at org.testng.SuiteRunner.privateRun(SuiteRunner.java:340)
	at org.testng.SuiteRunner.run(SuiteRunner.java:289)
	at org.testng.SuiteRunnerWorker.runSuite(SuiteRunnerWorker.java:52)
	at org.testng.SuiteRunnerWorker.run(SuiteRunnerWorker.java:86)
	at org.testng.TestNG.runSuitesSequentially(TestNG.java:1301)
	at org.testng.TestNG.runSuitesLocally(TestNG.java:1226)
	at org.testng.TestNG.runSuites(TestNG.java:1144)
	at org.testng.TestNG.run(TestNG.java:1115)
	at org.testng.remote.AbstractRemoteTestNG.run(AbstractRemoteTestNG.java:115)
	at org.testng.remote.RemoteTestNG.initAndRun(RemoteTestNG.java:251)
	at org.testng.remote.RemoteTestNG.main(RemoteTestNG.java:77)
]]>
            </full-stacktrace>
          </exception> <!-- org.testng.TestNGException -->
          <reporter-output>
          </reporter-output>
        </test-method> <!-- enter_OriginCity_DestinationCity -->
        <test-method status="PASS" signature="launch_Appication_firefox()[pri:0, instance:com.kayak.stepDefination.KayakTC1@2f177a4b]" name="launch_Appication_firefox" is-config="true" duration-ms="2720" started-at="2020-07-23T14:11:37Z" finished-at="2020-07-23T14:11:40Z">
          <reporter-output>
          </reporter-output>
        </test-method> <!-- launch_Appication_firefox -->
        <test-method status="FAIL" signature="departuredate_and_ReturnDate()[pri:3, instance:com.kayak.stepDefination.KayakTC1@2f177a4b]" name="departuredate_and_ReturnDate" duration-ms="30240" started-at="2020-07-23T14:11:40Z" finished-at="2020-07-23T14:12:10Z">
          <exception class="org.openqa.selenium.NoSuchWindowException">
            <message>
              <![CDATA[no such window: target window already closed
from unknown error: web view not found
  (Session info: chrome=84.0.4147.89)
Build info: version: '3.141.5', revision: 'd54ebd709a', time: '2018-11-06T11:42:16'
System info: host: 'Nehas-MacBook-Pro.local', ip: 'fe80:0:0:0:1455:5eb1:a4e1:2e38%en0', os.name: 'Mac OS X', os.arch: 'x86_64', os.version: '10.14.6', java.version: '1.8.0_191'
Driver info: org.openqa.selenium.chrome.ChromeDriver
Capabilities {acceptInsecureCerts: false, browserName: chrome, browserVersion: 84.0.4147.89, chrome: {chromedriverVersion: 84.0.4147.30 (48b3e868b4cc0..., userDataDir: /var/folders/hk/hrj41yb90fd...}, goog:chromeOptions: {debuggerAddress: localhost:57830}, javascriptEnabled: true, networkConnectionEnabled: false, pageLoadStrategy: normal, platform: MAC, platformName: MAC, proxy: Proxy(), setWindowRect: true, strictFileInteractability: false, timeouts: {implicit: 0, pageLoad: 300000, script: 30000}, unhandledPromptBehavior: dismiss and notify, webauthn:virtualAuthenticators: true}
Session ID: b342399d9d45b8b7911401d3b86d9bf7]]>
            </message>
            <full-stacktrace>
              <![CDATA[org.openqa.selenium.NoSuchWindowException: no such window: target window already closed
from unknown error: web view not found
  (Session info: chrome=84.0.4147.89)
Build info: version: '3.141.5', revision: 'd54ebd709a', time: '2018-11-06T11:42:16'
System info: host: 'Nehas-MacBook-Pro.local', ip: 'fe80:0:0:0:1455:5eb1:a4e1:2e38%en0', os.name: 'Mac OS X', os.arch: 'x86_64', os.version: '10.14.6', java.version: '1.8.0_191'
Driver info: org.openqa.selenium.chrome.ChromeDriver
Capabilities {acceptInsecureCerts: false, browserName: chrome, browserVersion: 84.0.4147.89, chrome: {chromedriverVersion: 84.0.4147.30 (48b3e868b4cc0..., userDataDir: /var/folders/hk/hrj41yb90fd...}, goog:chromeOptions: {debuggerAddress: localhost:57830}, javascriptEnabled: true, networkConnectionEnabled: false, pageLoadStrategy: normal, platform: MAC, platformName: MAC, proxy: Proxy(), setWindowRect: true, strictFileInteractability: false, timeouts: {implicit: 0, pageLoad: 300000, script: 30000}, unhandledPromptBehavior: dismiss and notify, webauthn:virtualAuthenticators: true}
Session ID: b342399d9d45b8b7911401d3b86d9bf7
	at sun.reflect.GeneratedConstructorAccessor17.newInstance(Unknown Source)
	at sun.reflect.DelegatingConstructorAccessorImpl.newInstance(DelegatingConstructorAccessorImpl.java:45)
	at java.lang.reflect.Constructor.newInstance(Constructor.java:423)
	at org.openqa.selenium.remote.http.W3CHttpResponseCodec.createException(W3CHttpResponseCodec.java:187)
	at org.openqa.selenium.remote.http.W3CHttpResponseCodec.decode(W3CHttpResponseCodec.java:122)
	at org.openqa.selenium.remote.http.W3CHttpResponseCodec.decode(W3CHttpResponseCodec.java:49)
	at org.openqa.selenium.remote.HttpCommandExecutor.execute(HttpCommandExecutor.java:158)
	at org.openqa.selenium.remote.service.DriverCommandExecutor.execute(DriverCommandExecutor.java:83)
	at org.openqa.selenium.remote.RemoteWebDriver.execute(RemoteWebDriver.java:552)
	at org.openqa.selenium.remote.RemoteWebDriver.execute(RemoteWebDriver.java:609)
	at org.openqa.selenium.remote.RemoteWebDriver.getScreenshotAs(RemoteWebDriver.java:295)
	at TestData.ScreenShot.takeScreenshotAtEndOfTest(ScreenShot.java:33)
	at com.kayak.ReportLogListeners.WebEventListener.onException(WebEventListener.java:57)
	at sun.reflect.GeneratedMethodAccessor4.invoke(Unknown Source)
	at sun.reflect.DelegatingMethodAccessorImpl.invoke(DelegatingMethodAccessorImpl.java:43)
	at java.lang.reflect.Method.invoke(Method.java:498)
	at org.openqa.selenium.support.events.EventFiringWebDriver.lambda$new$0(EventFiringWebDriver.java:84)
	at com.sun.proxy.$Proxy11.onException(Unknown Source)
	at org.openqa.selenium.support.events.EventFiringWebDriver.lambda$new$1(EventFiringWebDriver.java:107)
	at com.sun.proxy.$Proxy12.findElement(Unknown Source)
	at org.openqa.selenium.support.events.EventFiringWebDriver.findElement(EventFiringWebDriver.java:194)
	at org.openqa.selenium.support.pagefactory.DefaultElementLocator.findElement(DefaultElementLocator.java:69)
	at org.openqa.selenium.support.pagefactory.internal.LocatingElementHandler.invoke(LocatingElementHandler.java:38)
	at com.sun.proxy.$Proxy16.toString(Unknown Source)
	at java.lang.String.valueOf(String.java:2994)
	at java.lang.StringBuilder.append(StringBuilder.java:131)
	at org.openqa.selenium.support.ui.ExpectedConditions$10.toString(ExpectedConditions.java:305)
	at java.lang.String.valueOf(String.java:2994)
	at java.lang.StringBuilder.append(StringBuilder.java:131)
	at org.openqa.selenium.support.ui.FluentWait.until(FluentWait.java:268)
	at com.kayak.util.ReusableMethods.waitForPageElementToVisible(ReusableMethods.java:86)
	at com.kayak.pages.HomePage.enterFromDate(HomePage.java:119)
	at com.kayak.stepDefination.KayakTC1.departuredate_and_ReturnDate(KayakTC1.java:94)
	at sun.reflect.NativeMethodAccessorImpl.invoke0(Native Method)
	at sun.reflect.NativeMethodAccessorImpl.invoke(NativeMethodAccessorImpl.java:62)
	at sun.reflect.DelegatingMethodAccessorImpl.invoke(DelegatingMethodAccessorImpl.java:43)
	at java.lang.reflect.Method.invoke(Method.java:498)
	at org.testng.internal.MethodInvocationHelper.invokeMethod(MethodInvocationHelper.java:108)
	at org.testng.internal.Invoker.invokeMethod(Invoker.java:661)
	at org.testng.internal.Invoker.invokeTestMethod(Invoker.java:869)
	at org.testng.internal.Invoker.invokeTestMethods(Invoker.java:1193)
	at org.testng.internal.TestMethodWorker.invokeTestMethods(TestMethodWorker.java:126)
	at org.testng.internal.TestMethodWorker.run(TestMethodWorker.java:109)
	at org.testng.TestRunner.privateRun(TestRunner.java:744)
	at org.testng.TestRunner.run(TestRunner.java:602)
	at org.testng.SuiteRunner.runTest(SuiteRunner.java:380)
	at org.testng.SuiteRunner.runSequentially(SuiteRunner.java:375)
	at org.testng.SuiteRunner.privateRun(SuiteRunner.java:340)
	at org.testng.SuiteRunner.run(SuiteRunner.java:289)
	at org.testng.SuiteRunnerWorker.runSuite(SuiteRunnerWorker.java:52)
	at org.testng.SuiteRunnerWorker.run(SuiteRunnerWorker.java:86)
	at org.testng.TestNG.runSuitesSequentially(TestNG.java:1301)
	at org.testng.TestNG.runSuitesLocally(TestNG.java:1226)
	at org.testng.TestNG.runSuites(TestNG.java:1144)
	at org.testng.TestNG.run(TestNG.java:1115)
	at org.testng.remote.AbstractRemoteTestNG.run(AbstractRemoteTestNG.java:115)
	at org.testng.remote.RemoteTestNG.initAndRun(RemoteTestNG.java:251)
	at org.testng.remote.RemoteTestNG.main(RemoteTestNG.java:77)
]]>
            </full-stacktrace>
          </exception> <!-- org.openqa.selenium.NoSuchWindowException -->
          <reporter-output>
          </reporter-output>
        </test-method> <!-- departuredate_and_ReturnDate -->
        <test-method status="PASS" signature="close_Browser()[pri:0, instance:com.kayak.stepDefination.KayakTC1@2f177a4b]" name="close_Browser" is-config="true" duration-ms="36" started-at="2020-07-23T14:12:10Z" finished-at="2020-07-23T14:12:10Z">
          <reporter-output>
          </reporter-output>
        </test-method> <!-- close_Browser -->
        <test-method status="PASS" signature="launch_Appication_firefox()[pri:0, instance:com.kayak.stepDefination.KayakTC1@2f177a4b]" name="launch_Appication_firefox" is-config="true" duration-ms="2840" started-at="2020-07-23T14:12:10Z" finished-at="2020-07-23T14:12:13Z">
          <reporter-output>
          </reporter-output>
        </test-method> <!-- launch_Appication_firefox -->
        <test-method status="PASS" signature="click_on_Search_button()[pri:4, instance:com.kayak.stepDefination.KayakTC1@2f177a4b]" name="click_on_Search_button" duration-ms="307" started-at="2020-07-23T14:12:13Z" finished-at="2020-07-23T14:12:13Z">
          <reporter-output>
          </reporter-output>
        </test-method> <!-- click_on_Search_button -->
        <test-method status="PASS" signature="close_Browser()[pri:0, instance:com.kayak.stepDefination.KayakTC1@2f177a4b]" name="close_Browser" is-config="true" duration-ms="81" started-at="2020-07-23T14:12:13Z" finished-at="2020-07-23T14:12:13Z">
          <reporter-output>
          </reporter-output>
        </test-method> <!-- close_Browser -->
      </class> <!-- com.kayak.stepDefination.KayakTC1 -->
    </test> <!-- Default test -->
  </suite> <!-- Default suite -->
</testng-results>
